<?xml version="1.0" encoding="UTF-8"?>
<!-- Generated by org.testng.reporters.JUnitReportReporter -->
<testsuite skipped="0" hostname="Sreekanths-MacBook-Pro.local" name="tests.TimerTest" tests="1" failures="0" timestamp="2021-08-12T11:56:33 IST" time="13.668" errors="0">
  <testcase name="timerTest10Seconds" time="13.668" classname="tests.TimerTest"/>
  <system-out/>
</testsuite> <!-- tests.TimerTest -->
